c:\users\dmwin\onedrive\desktop\cude\freertos_satelliteproject\freertos_satelliteproject\x64\debug\vc143.pdb
c:\users\dmwin\onedrive\desktop\cude\freertos_satelliteproject\freertos_satelliteproject\x64\debug\vc143.idb
c:\users\dmwin\onedrive\desktop\cude\freertos_satelliteproject\freertos_satelliteproject\x64\debug\timers.obj
c:\users\dmwin\onedrive\desktop\cude\freertos_satelliteproject\freertos_satelliteproject\x64\debug\tasks.obj
c:\users\dmwin\onedrive\desktop\cude\freertos_satelliteproject\freertos_satelliteproject\x64\debug\queue.obj
c:\users\dmwin\onedrive\desktop\cude\freertos_satelliteproject\freertos_satelliteproject\x64\debug\port.obj
c:\users\dmwin\onedrive\desktop\cude\freertos_satelliteproject\freertos_satelliteproject\x64\debug\list.obj
c:\users\dmwin\onedrive\desktop\cude\freertos_satelliteproject\freertos_satelliteproject\x64\debug\event_groups.obj
c:\users\dmwin\onedrive\desktop\cude\freertos_satelliteproject\freertos_satelliteproject\x64\debug\main.obj
c:\users\dmwin\onedrive\desktop\cude\freertos_satelliteproject\x64\debug\freertos_satelliteproject.pdb
c:\users\dmwin\onedrive\desktop\cude\freertos_satelliteproject\freertos_satelliteproject\x64\debug\freertos.9a51df89.tlog\cl.command.1.tlog
c:\users\dmwin\onedrive\desktop\cude\freertos_satelliteproject\freertos_satelliteproject\x64\debug\freertos.9a51df89.tlog\cl.read.1.tlog
c:\users\dmwin\onedrive\desktop\cude\freertos_satelliteproject\freertos_satelliteproject\x64\debug\freertos.9a51df89.tlog\cl.write.1.tlog
c:\users\dmwin\onedrive\desktop\cude\freertos_satelliteproject\freertos_satelliteproject\x64\debug\freertos.9a51df89.tlog\link-cvtres.read.1.tlog
c:\users\dmwin\onedrive\desktop\cude\freertos_satelliteproject\freertos_satelliteproject\x64\debug\freertos.9a51df89.tlog\link-cvtres.write.1.tlog
c:\users\dmwin\onedrive\desktop\cude\freertos_satelliteproject\freertos_satelliteproject\x64\debug\freertos.9a51df89.tlog\link-rc.read.1.tlog
c:\users\dmwin\onedrive\desktop\cude\freertos_satelliteproject\freertos_satelliteproject\x64\debug\freertos.9a51df89.tlog\link-rc.write.1.tlog
c:\users\dmwin\onedrive\desktop\cude\freertos_satelliteproject\freertos_satelliteproject\x64\debug\freertos.9a51df89.tlog\link.command.1.tlog
c:\users\dmwin\onedrive\desktop\cude\freertos_satelliteproject\freertos_satelliteproject\x64\debug\freertos.9a51df89.tlog\link.read.1.tlog
c:\users\dmwin\onedrive\desktop\cude\freertos_satelliteproject\freertos_satelliteproject\x64\debug\freertos.9a51df89.tlog\link.read.2.tlog
c:\users\dmwin\onedrive\desktop\cude\freertos_satelliteproject\freertos_satelliteproject\x64\debug\freertos.9a51df89.tlog\link.read.3.tlog
c:\users\dmwin\onedrive\desktop\cude\freertos_satelliteproject\freertos_satelliteproject\x64\debug\freertos.9a51df89.tlog\link.read.4.tlog
c:\users\dmwin\onedrive\desktop\cude\freertos_satelliteproject\freertos_satelliteproject\x64\debug\freertos.9a51df89.tlog\link.write.1.tlog
