  command.c
C:\Users\Dmwin\OneDrive\Desktop\cude\Telemetry2\Source\FreeRTOS.h(62,10): error C1083: Cannot open include file: 'projdefs.h': No such file or directory
  (compiling source file '../Source/command.c')
  
  health.c
C:\Users\Dmwin\OneDrive\Desktop\cude\Telemetry2\Source\FreeRTOS.h(62,10): error C1083: Cannot open include file: 'projdefs.h': No such file or directory
  (compiling source file '../Source/health.c')
  
  list.c
C:\Users\Dmwin\OneDrive\Desktop\cude\Telemetry2\Source\FreeRTOS.h(62,10): error C1083: Cannot open include file: 'projdefs.h': No such file or directory
  (compiling source file '../Source/list.c')
  
  heap_4.c
C:\Users\Dmwin\OneDrive\Desktop\cude\Telemetry2\Source\portable\MemMang\heap_4.c(45,10): error C1083: Cannot open include file: 'FreeRTOS.h': No such file or directory
  port.c
C:\Users\Dmwin\OneDrive\Desktop\cude\Telemetry2\Source\portable\MSVC-MingW\port.c(33,10): error C1083: Cannot open include file: 'FreeRTOS.h': No such file or directory
  queue.c
C:\Users\Dmwin\OneDrive\Desktop\cude\Telemetry2\Source\FreeRTOS.h(62,10): error C1083: Cannot open include file: 'projdefs.h': No such file or directory
  (compiling source file '../Source/queue.c')
  
  tasks.c
C:\Users\Dmwin\OneDrive\Desktop\cude\Telemetry2\Source\FreeRTOS.h(62,10): error C1083: Cannot open include file: 'projdefs.h': No such file or directory
  (compiling source file '../Source/tasks.c')
  
  telemetry.c
C:\Users\Dmwin\OneDrive\Desktop\cude\Telemetry2\Source\FreeRTOS.h(62,10): error C1083: Cannot open include file: 'projdefs.h': No such file or directory
  (compiling source file '../Source/telemetry.c')
  
  timers.c
C:\Users\Dmwin\OneDrive\Desktop\cude\Telemetry2\Source\FreeRTOS.h(62,10): error C1083: Cannot open include file: 'projdefs.h': No such file or directory
  (compiling source file '../Source/timers.c')
  
  watchdog.c
C:\Users\Dmwin\OneDrive\Desktop\cude\Telemetry2\Source\FreeRTOS.h(62,10): error C1083: Cannot open include file: 'projdefs.h': No such file or directory
  (compiling source file '../Source/watchdog.c')
  
  Generating Code...
