c:\users\dmwin\onedrive\desktop\cude\telemetry\telemetry\x64\debug\vc143.pdb
c:\users\dmwin\onedrive\desktop\cude\telemetry\telemetry\x64\debug\vc143.idb
c:\users\dmwin\onedrive\desktop\cude\telemetry\telemetry\x64\debug\watchdog.obj
c:\users\dmwin\onedrive\desktop\cude\telemetry\telemetry\x64\debug\timers.obj
c:\users\dmwin\onedrive\desktop\cude\telemetry\telemetry\x64\debug\telemetry.obj
c:\users\dmwin\onedrive\desktop\cude\telemetry\telemetry\x64\debug\tasks.obj
c:\users\dmwin\onedrive\desktop\cude\telemetry\telemetry\x64\debug\queue.obj
c:\users\dmwin\onedrive\desktop\cude\telemetry\telemetry\x64\debug\port.obj
c:\users\dmwin\onedrive\desktop\cude\telemetry\telemetry\x64\debug\heap_4.obj
c:\users\dmwin\onedrive\desktop\cude\telemetry\telemetry\x64\debug\list.obj
c:\users\dmwin\onedrive\desktop\cude\telemetry\telemetry\x64\debug\health.obj
c:\users\dmwin\onedrive\desktop\cude\telemetry\telemetry\x64\debug\command.obj
c:\users\dmwin\onedrive\desktop\cude\telemetry\telemetry\x64\debug\main.obj
c:\users\dmwin\onedrive\desktop\cude\telemetry\x64\debug\telemetry.lib
c:\users\dmwin\onedrive\desktop\cude\telemetry\x64\debug\telemetry.pdb
c:\users\dmwin\onedrive\desktop\cude\telemetry\telemetry\x64\debug\telemetry.tlog\cl.command.1.tlog
c:\users\dmwin\onedrive\desktop\cude\telemetry\telemetry\x64\debug\telemetry.tlog\cl.items.tlog
c:\users\dmwin\onedrive\desktop\cude\telemetry\telemetry\x64\debug\telemetry.tlog\cl.read.1.tlog
c:\users\dmwin\onedrive\desktop\cude\telemetry\telemetry\x64\debug\telemetry.tlog\cl.write.1.tlog
c:\users\dmwin\onedrive\desktop\cude\telemetry\telemetry\x64\debug\telemetry.tlog\lib-link.read.1.tlog
c:\users\dmwin\onedrive\desktop\cude\telemetry\telemetry\x64\debug\telemetry.tlog\lib-link.write.1.tlog
c:\users\dmwin\onedrive\desktop\cude\telemetry\telemetry\x64\debug\telemetry.tlog\lib.command.1.tlog
c:\users\dmwin\onedrive\desktop\cude\telemetry\telemetry\x64\debug\telemetry.tlog\link-cvtres.read.1.tlog
c:\users\dmwin\onedrive\desktop\cude\telemetry\telemetry\x64\debug\telemetry.tlog\link-cvtres.write.1.tlog
c:\users\dmwin\onedrive\desktop\cude\telemetry\telemetry\x64\debug\telemetry.tlog\link-rc.read.1.tlog
c:\users\dmwin\onedrive\desktop\cude\telemetry\telemetry\x64\debug\telemetry.tlog\link-rc.write.1.tlog
c:\users\dmwin\onedrive\desktop\cude\telemetry\telemetry\x64\debug\telemetry.tlog\link.command.1.tlog
c:\users\dmwin\onedrive\desktop\cude\telemetry\telemetry\x64\debug\telemetry.tlog\link.read.1.tlog
c:\users\dmwin\onedrive\desktop\cude\telemetry\telemetry\x64\debug\telemetry.tlog\link.read.2.tlog
c:\users\dmwin\onedrive\desktop\cude\telemetry\telemetry\x64\debug\telemetry.tlog\link.read.3.tlog
c:\users\dmwin\onedrive\desktop\cude\telemetry\telemetry\x64\debug\telemetry.tlog\link.read.4.tlog
c:\users\dmwin\onedrive\desktop\cude\telemetry\telemetry\x64\debug\telemetry.tlog\link.write.1.tlog
